#
# There is insufficient memory for the Java Runtime Environment to continue.
# Native memory allocation (mmap) failed to map 130023424 bytes for G1 virtual space
# Possible reasons:
#   The system is out of physical RAM or swap space
#   The process is running with CompressedOops enabled, and the Java Heap may be blocking the growth of the native heap
# Possible solutions:
#   Reduce memory load on the system
#   Increase physical memory or swap space
#   Check if swap backing store is full
#   Decrease Java heap size (-Xmx/-Xms)
#   Decrease number of Java threads
#   Decrease Java thread stack sizes (-Xss)
#   Set larger code cache with -XX:ReservedCodeCacheSize=
#   JVM is running with Unscaled Compressed Oops mode in which the Java heap is
#     placed in the first 4GB address space. The Java Heap base address is the
#     maximum limit for the native heap growth. Please use -XX:HeapBaseMinAddress
#     to set the Java Heap base and to place the Java Heap above 4GB virtual address.
# This output file may be truncated or incomplete.
#
#  Out of Memory Error (os_windows.cpp:3527), pid=92396, tid=92328
#
# JRE version:  (19.0.1+10) (build )
# Java VM: Java HotSpot(TM) 64-Bit Server VM (19.0.1+10-21, mixed mode, sharing, tiered, compressed oops, compressed class ptrs, g1 gc, windows-amd64)
# No core dump will be written. Minidumps are not enabled by default on client versions of Windows
#

---------------  S U M M A R Y ------------

Command Line: -javaagent:C:\Program Files\JetBrains\IntelliJ IDEA Community Edition 2022.3.1\lib\idea_rt.jar=60205:C:\Program Files\JetBrains\IntelliJ IDEA Community Edition 2022.3.1\bin -Dfile.encoding=UTF-8 -Dsun.stdout.encoding=UTF-8 -Dsun.stderr.encoding=UTF-8 Main

Host: 11th Gen Intel(R) Core(TM) i5-1135G7 @ 2.40GHz, 8 cores, 7G,  Windows 11 , 64 bit Build 22000 (10.0.22000.1335)
Time: Tue Jan 24 18:37:04 2023 Hora oficial do Brasil elapsed time: 0.028202 seconds (0d 0h 0m 0s)

---------------  T H R E A D  ---------------

Current thread (0x000002950e57c500):  JavaThread "Unknown thread" [_thread_in_vm, id=92328, stack(0x000000cb3cd00000,0x000000cb3ce00000)]

Stack: [0x000000cb3cd00000,0x000000cb3ce00000]
Native frames: (J=compiled Java code, j=interpreted, Vv=VM code, C=native code)
V  [jvm.dll+0x6ee8fa]
V  [jvm.dll+0x857a1e]
V  [jvm.dll+0x85940e]
V  [jvm.dll+0x859ac3]
V  [jvm.dll+0x28291f]
V  [jvm.dll+0x6eb6e9]
V  [jvm.dll+0x6e028a]
V  [jvm.dll+0x357136]
V  [jvm.dll+0x35eb96]
V  [jvm.dll+0x3b555e]
V  [jvm.dll+0x3b578f]
V  [jvm.dll+0x32c6ea]
V  [jvm.dll+0x32d59e]
V  [jvm.dll+0x821b20]
V  [jvm.dll+0x3c27c1]
V  [jvm.dll+0x8022f1]
V  [jvm.dll+0x44b30f]
V  [jvm.dll+0x44cc91]
C  [jli.dll+0x5287]
C  [ucrtbase.dll+0x26c0c]
C  [KERNEL32.DLL+0x155a0]
C  [ntdll.dll+0x485b]


---------------  P R O C E S S  ---------------

Threads class SMR info:
_java_thread_list=0x00007fff3d1bd048, length=0, elements={
}

Java Threads: ( => current thread )

Other Threads:
  0x000002950e5dbf10 WorkerThread "GC Thread#0" [stack: 0x000000cb3ce00000,0x000000cb3cf00000] [id=10724]
  0x000002950e5ed660 ConcurrentGCThread "G1 Main Marker" [stack: 0x000000cb3cf00000,0x000000cb3d000000] [id=96372]
  0x000002950e5ef780 WorkerThread "G1 Conc#0" [stack: 0x000000cb3d000000,0x000000cb3d100000] [id=86084]

[error occurred during error reporting (printing all threads), id 0xc0000005, EXCEPTION_ACCESS_VIOLATION (0xc0000005) at pc=0x00007fff3c97d127]

VM state: not at safepoint (not fully initialized)

VM Mutex/Monitor currently owned by a thread:  ([mutex/lock_event])
[0x000002950e577b50] Heap_lock - owner thread: 0x000002950e57c500

Heap address: 0x0000000084400000, size: 1980 MB, Compressed Oops mode: 32-bit

CDS archive(s) mapped at: [0x0000000000000000-0x0000000000000000-0x0000000000000000), size 0, SharedBaseAddress: 0x0000000800000000, ArchiveRelocationMode: 0.
Narrow klass base: 0x0000000000000000, Narrow klass shift: 0, Narrow klass range: 0x0

GC Precious Log:
 CardTable entry size: 512
 Card Set container configuration: InlinePtr #cards 5 size 8 Array Of Cards #cards 12 size 40 Howl #buckets 4 coarsen threshold 1843 Howl Bitmap #cards 512 size 80 coarsen threshold 460 Card regions per heap region 1 cards per card region 2048

Heap:
 garbage-first heap   total 0K, used 0K [0x0000000084400000, 0x0000000100000000)
  region size 1024K, 0 young (0K), 0 survivors (0K)

[error occurred during error reporting (printing heap information), id 0xc0000005, EXCEPTION_ACCESS_VIOLATION (0xc0000005) at pc=0x00007fff3cd86959]

GC Heap History (0 events):
No events

Dll operation events (1 events):
Event: 0.020 Loaded shared library C:\Program Files\Java\jdk-19\bin\java.dll

Deoptimization events (0 events):
No events

Classes loaded (0 events):
No events

Classes unloaded (0 events):
No events

Classes redefined (0 events):
No events

Internal exceptions (0 events):
No events

VM Operations (0 events):
No events

Events (0 events):
No events


Dynamic libraries:
0x00007ff71a840000 - 0x00007ff71a850000 	C:\Program Files\Java\jdk-19\bin\java.exe
0x00007fff8f960000 - 0x00007fff8fb69000 	C:\WINDOWS\SYSTEM32\ntdll.dll
0x00007fff8e600000 - 0x00007fff8e6be000 	C:\WINDOWS\System32\KERNEL32.DLL
0x00007fff8d0c0000 - 0x00007fff8d43b000 	C:\WINDOWS\System32\KERNELBASE.dll
0x00007fff87000000 - 0x00007fff87092000 	C:\WINDOWS\SYSTEM32\apphelp.dll
0x00007fff8d600000 - 0x00007fff8d711000 	C:\WINDOWS\System32\ucrtbase.dll
0x00007fff823a0000 - 0x00007fff823bb000 	C:\Program Files\Java\jdk-19\bin\VCRUNTIME140.dll
0x00007fff7ef10000 - 0x00007fff7ef28000 	C:\Program Files\Java\jdk-19\bin\jli.dll
0x00007fff8e340000 - 0x00007fff8e3ee000 	C:\WINDOWS\System32\ADVAPI32.dll
0x00007fff8de20000 - 0x00007fff8dec3000 	C:\WINDOWS\System32\msvcrt.dll
0x00007fff8d870000 - 0x00007fff8d90e000 	C:\WINDOWS\System32\sechost.dll
0x00007fff8e4c0000 - 0x00007fff8e5e0000 	C:\WINDOWS\System32\RPCRT4.dll
0x00007fff8ec20000 - 0x00007fff8edcd000 	C:\WINDOWS\System32\USER32.dll
0x00007fff8d5d0000 - 0x00007fff8d5f6000 	C:\WINDOWS\System32\win32u.dll
0x00007fff8d7e0000 - 0x00007fff8d809000 	C:\WINDOWS\System32\GDI32.dll
0x00007fff8d440000 - 0x00007fff8d558000 	C:\WINDOWS\System32\gdi32full.dll
0x00007fff8d020000 - 0x00007fff8d0bd000 	C:\WINDOWS\System32\msvcp_win.dll
0x00007fff83c90000 - 0x00007fff83c9a000 	C:\WINDOWS\SYSTEM32\VERSION.dll
0x00007fff6cd00000 - 0x00007fff6cfa5000 	C:\WINDOWS\WinSxS\amd64_microsoft.windows.common-controls_6595b64144ccf1df_6.0.22000.120_none_9d947278b86cc467\COMCTL32.dll
0x00007fff8e3f0000 - 0x00007fff8e422000 	C:\WINDOWS\System32\IMM32.DLL
0x00007fff84b60000 - 0x00007fff84b6c000 	C:\Program Files\Java\jdk-19\bin\vcruntime140_1.dll
0x00007fff7ecd0000 - 0x00007fff7ed5e000 	C:\Program Files\Java\jdk-19\bin\msvcp140.dll
0x00007fff3c640000 - 0x00007fff3d300000 	C:\Program Files\Java\jdk-19\bin\server\jvm.dll
0x00007fff83d30000 - 0x00007fff83d39000 	C:\WINDOWS\SYSTEM32\WSOCK32.dll
0x00007fff8e6c0000 - 0x00007fff8e72f000 	C:\WINDOWS\System32\WS2_32.dll
0x00007fff87c20000 - 0x00007fff87c53000 	C:\WINDOWS\SYSTEM32\WINMM.dll
0x00007fff8bfa0000 - 0x00007fff8bfb8000 	C:\WINDOWS\SYSTEM32\kernel.appcore.dll
0x00007fff7f100000 - 0x00007fff7f10a000 	C:\Program Files\Java\jdk-19\bin\jimage.dll
0x00007fff8a880000 - 0x00007fff8aaa1000 	C:\WINDOWS\SYSTEM32\DBGHELP.DLL
0x00007fff87be0000 - 0x00007fff87c11000 	C:\WINDOWS\SYSTEM32\dbgcore.DLL
0x00007fff8ce30000 - 0x00007fff8ceaf000 	C:\WINDOWS\System32\bcryptPrimitives.dll
0x00007fff7e700000 - 0x00007fff7e70e000 	C:\Program Files\Java\jdk-19\bin\instrument.dll
0x00007fff7eca0000 - 0x00007fff7ecc6000 	C:\Program Files\Java\jdk-19\bin\java.dll

dbghelp: loaded successfully - version: 4.0.5 - missing functions: none
symbol engine: initialized successfully - sym options: 0x614 - pdb path: .;C:\Program Files\Java\jdk-19\bin;C:\WINDOWS\SYSTEM32;C:\WINDOWS\WinSxS\amd64_microsoft.windows.common-controls_6595b64144ccf1df_6.0.22000.120_none_9d947278b86cc467;C:\Program Files\Java\jdk-19\bin\server

VM Arguments:
jvm_args: -javaagent:C:\Program Files\JetBrains\IntelliJ IDEA Community Edition 2022.3.1\lib\idea_rt.jar=60205:C:\Program Files\JetBrains\IntelliJ IDEA Community Edition 2022.3.1\bin -Dfile.encoding=UTF-8 -Dsun.stdout.encoding=UTF-8 -Dsun.stderr.encoding=UTF-8 
java_command: Main
java_class_path (initial): C:\Projetos\GFTQA - DIO\Estruturas de Repetição e Arrays em Java\loops\Ex2_Nota\out\production\Ex2_Nota
Launcher Type: SUN_STANDARD

[Global flags]
     intx CICompilerCount                          = 4                                         {product} {ergonomic}
     uint ConcGCThreads                            = 2                                         {product} {ergonomic}
     uint G1ConcRefinementThreads                  = 8                                         {product} {ergonomic}
   size_t G1HeapRegionSize                         = 1048576                                   {product} {ergonomic}
    uintx GCDrainStackTargetSize                   = 64                                        {product} {ergonomic}
   size_t InitialHeapSize                          = 130023424                                 {product} {ergonomic}
   size_t MarkStackSize                            = 4194304                                   {product} {ergonomic}
   size_t MaxHeapSize                              = 2076180480                                {product} {ergonomic}
   size_t MinHeapDeltaBytes                        = 1048576                                   {product} {ergonomic}
   size_t MinHeapSize                              = 8388608                                   {product} {ergonomic}
    uintx NonNMethodCodeHeapSize                   = 5839372                                {pd product} {ergonomic}
    uintx NonProfiledCodeHeapSize                  = 122909434                              {pd product} {ergonomic}
    uintx ProfiledCodeHeapSize                     = 122909434                              {pd product} {ergonomic}
    uintx ReservedCodeCacheSize                    = 251658240                              {pd product} {ergonomic}
     bool SegmentedCodeCache                       = true                                      {product} {ergonomic}
   size_t SoftMaxHeapSize                          = 2076180480                             {manageable} {ergonomic}
     bool UseCompressedClassPointers               = true                           {product lp64_product} {ergonomic}
     bool UseCompressedOops                        = true                           {product lp64_product} {ergonomic}
     bool UseG1GC                                  = true                                      {product} {ergonomic}
     bool UseLargePagesIndividualAllocation        = false                                  {pd product} {ergonomic}

Logging:
Log output configuration:
 #0: stdout all=warning uptime,level,tags foldmultilines=false
 #1: stderr all=off uptime,level,tags foldmultilines=false

Environment Variables:
PATH=C:\Program Files\Common Files\Oracle\Java\javapath;C:\Program Files (x86)\Common Files\Oracle\Java\javapath;C:\WINDOWS\system32;C:\WINDOWS;C:\WINDOWS\System32\Wbem;C:\WINDOWS\System32\WindowsPowerShell\v1.0\;C:\WINDOWS\System32\OpenSSH\;C:\Program Files\dotnet\;C:\Program Files\nodejs\;C:\Users\janin\AppData\Local\Microsoft\WindowsApps;;C:\Users\janin\AppData\Local\Programs\Microsoft VS Code\bin;C:\Users\janin\AppData\Roaming\npm;C:\Program Files\heroku\bin
USERNAME=janin
OS=Windows_NT
PROCESSOR_IDENTIFIER=Intel64 Family 6 Model 140 Stepping 1, GenuineIntel
TMP=C:\Users\janin\AppData\Local\Temp
TEMP=C:\Users\janin\AppData\Local\Temp



---------------  S Y S T E M  ---------------

OS:
 Windows 11 , 64 bit Build 22000 (10.0.22000.1335)
OS uptime: 9 days 12:58 hours

CPU: total 8 (initial active 8) (4 cores per cpu, 2 threads per core) family 6 model 140 stepping 1 microcode 0xa4, cx8, cmov, fxsr, ht, mmx, 3dnowpref, sse, sse2, sse3, ssse3, sse4.1, sse4.2, popcnt, lzcnt, tsc, tscinvbit, avx, avx2, aes, erms, clmul, bmi1, bmi2, adx, avx512f, avx512dq, avx512cd, avx512bw, avx512vl, sha, fma, vzeroupper, avx512_vpopcntdq, avx512_vpclmulqdq, avx512_vaes, avx512_vnni, clflush, clflushopt, clwb, avx512_vbmi2, avx512_vbmi, rdtscp, rdpid, fsrm, gfni, avx512_bitalg

Memory: 4k page, system-wide physical 7914M (416M free)
TotalPageFile size 32490M (AvailPageFile size 55M)
current process WorkingSet (physical memory assigned to process): 11M, peak: 11M
current process commit charge ("private bytes"): 60M, peak: 184M

vm_info: Java HotSpot(TM) 64-Bit Server VM (19.0.1+10-21) for windows-amd64 JRE (19.0.1+10-21), built on 2022-09-14T12:45:06Z by "mach5one" with MS VC++ 17.1 (VS2022)

END.
